20 Aug 2019 17:02:37,587 [WARN  ]  - [JDBJ]            LocalLogicControl.loadControlFile(): local logic control file not found in classpath: LocalLogicCatalog.xml Corrective Action :Validate that the local logic control file 'LocalLogicCatalog.xml', which is used to determine which logic (NER, BSFN, etc) run locally, properly exists within the classpath, typically in WEB-INF/classes 
20 Aug 2019 17:25:17,804 [WARN  ]  - [JDBJ]            LocalLogicControl.loadControlFile(): local logic control file not found in classpath: LocalLogicCatalog.xml Corrective Action :Validate that the local logic control file 'LocalLogicCatalog.xml', which is used to determine which logic (NER, BSFN, etc) run locally, properly exists within the classpath, typically in WEB-INF/classes 
20 Aug 2019 17:27:02,960 [WARN  ]  - [JDBJ]            LocalLogicControl.loadControlFile(): local logic control file not found in classpath: LocalLogicCatalog.xml Corrective Action :Validate that the local logic control file 'LocalLogicCatalog.xml', which is used to determine which logic (NER, BSFN, etc) run locally, properly exists within the classpath, typically in WEB-INF/classes 
20 Aug 2019 17:28:11,692 [WARN  ]  - [JDBJ]            LocalLogicControl.loadControlFile(): local logic control file not found in classpath: LocalLogicCatalog.xml Corrective Action :Validate that the local logic control file 'LocalLogicCatalog.xml', which is used to determine which logic (NER, BSFN, etc) run locally, properly exists within the classpath, typically in WEB-INF/classes 
20 Aug 2019 17:30:10,637 [WARN  ]  - [JDBJ]            LocalLogicControl.loadControlFile(): local logic control file not found in classpath: LocalLogicCatalog.xml Corrective Action :Validate that the local logic control file 'LocalLogicCatalog.xml', which is used to determine which logic (NER, BSFN, etc) run locally, properly exists within the classpath, typically in WEB-INF/classes 
20 Aug 2019 17:52:04,175 [WARN  ]  - [JDBJ]            LocalLogicControl.loadControlFile(): local logic control file not found in classpath: LocalLogicCatalog.xml Corrective Action :Validate that the local logic control file 'LocalLogicCatalog.xml', which is used to determine which logic (NER, BSFN, etc) run locally, properly exists within the classpath, typically in WEB-INF/classes 
20 Aug 2019 17:59:17,953 [WARN  ]  - [JDBJ]            LocalLogicControl.loadControlFile(): local logic control file not found in classpath: LocalLogicCatalog.xml Corrective Action :Validate that the local logic control file 'LocalLogicCatalog.xml', which is used to determine which logic (NER, BSFN, etc) run locally, properly exists within the classpath, typically in WEB-INF/classes 
20 Aug 2019 18:46:36,897 [WARN  ]  - [JDBJ]            LocalLogicControl.loadControlFile(): local logic control file not found in classpath: LocalLogicCatalog.xml Corrective Action :Validate that the local logic control file 'LocalLogicCatalog.xml', which is used to determine which logic (NER, BSFN, etc) run locally, properly exists within the classpath, typically in WEB-INF/classes 
20 Aug 2019 18:46:49,057 [WARN  ]  - [JAS]             SecurityServer already exists, no override allowed 
20 Aug 2019 18:46:53,153 [APP   ]  - [JDBJ]            SELECT OMENHV,OMAPPLID,OMOBNM,OMDATP,OMDATS,OMUGRP,OMOAPP,OMDATM,OMOVRE,OMSY,OMSTSO,OMPID,OMFUNO,OMUSER,OMOCM1,OMJOBN,OMOCM2,OMUPMJ,OMOCM3,OMUPMT,OMOCMA,OMOCMB,OMOCMC,OMOCMDSC FROM SY920.F986101 WHERE ((OMSTSO = ?  AND OMENHV = ?  AND OMUGRP = ? )) 
20 Aug 2019 18:46:53,155 [APP   ]  - [JDBJ]             SQL statement parameter marker values are :  
20 Aug 2019 18:46:53,155 [APP   ]  - [JDBJ]             Param1 : AV_Types.VARCHAR, 
20 Aug 2019 18:46:53,155 [APP   ]  - [JDBJ]             Param2 : JDV920    _Types.VARCHAR, 
20 Aug 2019 18:46:53,155 [APP   ]  - [JDBJ]             Param3 : JDE       _Types.VARCHAR, 
20 Aug 2019 18:46:53,753 [APP   ]  - [JDBJ]            SELECT OMENHV,OMAPPLID,OMOBNM,OMDATP,OMDATS,OMUGRP,OMOAPP,OMDATM,OMOVRE,OMSY,OMSTSO,OMPID,OMFUNO,OMUSER,OMOCM1,OMJOBN,OMOCM2,OMUPMJ,OMOCM3,OMUPMT,OMOCMA,OMOCMB,OMOCMC,OMOCMDSC FROM SY920.F986101 WHERE ((OMSTSO = ?  AND OMENHV = ?  AND OMUGRP = ? )) 
20 Aug 2019 18:46:53,753 [APP   ]  - [JDBJ]             SQL statement parameter marker values are :  
20 Aug 2019 18:46:53,754 [APP   ]  - [JDBJ]             Param1 : AV_Types.VARCHAR, 
20 Aug 2019 18:46:53,754 [APP   ]  - [JDBJ]             Param2 : JDV920    _Types.VARCHAR, 
20 Aug 2019 18:46:53,754 [APP   ]  - [JDBJ]             Param3 : *PUBLIC   _Types.VARCHAR, 
20 Aug 2019 18:47:04,077 [APP   ]  - [JDBJ]            SELECT OMENHV,OMDATP,OMSRVR,OMDATB,OMOOWN,OMDLLNAME,OMLL,OMLIB,OMOMUI,OMOMTO,OMOMDS,OMOMJD,OMOMCC,OMDSTP,OMPID,OMDATUSE,OMUSER,OMOCM1,OMJOBN,OMOCM2,OMUPMJ,OMOCM3,OMUPMT,OMOCMA,OMOCMB,OMOCMC,OMOCMDSC,OMSVRPORT,OMDATB2,OMLOBFLG,OMUNICODE,OMDBINST FROM SY920.F98611 WHERE (OMDATP = ? ) 
20 Aug 2019 18:47:04,078 [APP   ]  - [JDBJ]             SQL statement parameter marker values are :  
20 Aug 2019 18:47:04,078 [APP   ]  - [JDBJ]             Param1 : Business Data - TEST          _Types.VARCHAR, 
20 Aug 2019 18:47:04,279 [APP   ]  - [JDBJ]            SELECT OMENHV,OMDATP,OMSRVR,OMDATB,OMOOWN,OMDLLNAME,OMLL,OMLIB,OMOMUI,OMOMTO,OMOMDS,OMOMJD,OMOMCC,OMDSTP,OMPID,OMDATUSE,OMUSER,OMOCM1,OMJOBN,OMOCM2,OMUPMJ,OMOCM3,OMUPMT,OMOCMA,OMOCMB,OMOCMC,OMOCMDSC,OMSVRPORT,OMDATB2,OMLOBFLG,OMUNICODE,OMDBINST FROM SY920.F98611 WHERE (OMDATP = ? ) 
20 Aug 2019 18:47:04,279 [APP   ]  - [JDBJ]             SQL statement parameter marker values are :  
20 Aug 2019 18:47:04,279 [APP   ]  - [JDBJ]             Param1 : Object Librarian - 920        _Types.VARCHAR, 
20 Aug 2019 18:47:04,476 [APP   ]  - [JDBJ]            SELECT *  FROM OL920.F9860 WHERE (SIOBNM = ? ) 
20 Aug 2019 18:47:04,477 [APP   ]  - [JDBJ]             SQL statement parameter marker values are :  
20 Aug 2019 18:47:04,478 [APP   ]  - [JDBJ]             Param1 : F95820A   _Types.VARCHAR, 
20 Aug 2019 18:47:04,677 [APP   ]  - [JDBJ]            SELECT OMENHV,OMDATP,OMSRVR,OMDATB,OMOOWN,OMDLLNAME,OMLL,OMLIB,OMOMUI,OMOMTO,OMOMDS,OMOMJD,OMOMCC,OMDSTP,OMPID,OMDATUSE,OMUSER,OMOCM1,OMJOBN,OMOCM2,OMUPMJ,OMOCM3,OMUPMT,OMOCMA,OMOCMB,OMOCMC,OMOCMDSC,OMSVRPORT,OMDATB2,OMLOBFLG,OMUNICODE,OMDBINST FROM SY920.F98611 WHERE (OMDATP = ? ) 
20 Aug 2019 18:47:04,677 [APP   ]  - [JDBJ]             SQL statement parameter marker values are :  
20 Aug 2019 18:47:04,677 [APP   ]  - [JDBJ]             Param1 : System - 920                  _Types.VARCHAR, 
20 Aug 2019 18:47:05,187 [APP   ]  - [JDBJ]            SELECT TPTXTSEURL,TPTXTENGSL FROM SY920.F95820A WHERE (TPTXTPRTYP = ? ) 
20 Aug 2019 18:47:05,187 [APP   ]  - [JDBJ]             SQL statement parameter marker values are :  
20 Aug 2019 18:47:05,187 [APP   ]  - [JDBJ]             Param1 : 0_Types.INTEGER, 
20 Aug 2019 18:47:05,569 [APP   ]  - [JDBJ]            SELECT TPTXTBSVW,TPTXTDAT,TPTXTMAX FROM SY920.F95820A WHERE (TPTXTPRTYP = ? ) 
20 Aug 2019 18:47:05,572 [APP   ]  - [JDBJ]             SQL statement parameter marker values are :  
20 Aug 2019 18:47:05,572 [APP   ]  - [JDBJ]             Param1 : 1_Types.INTEGER, 
20 Aug 2019 18:47:05,764 [APP   ]  - [JDBJ]            SELECT TPTXTBSVW,TPTXTDAT,TPTXTMAX FROM SY920.F95820A WHERE (TPTXTPRTYP = ? ) 
20 Aug 2019 18:47:05,765 [APP   ]  - [JDBJ]             SQL statement parameter marker values are :  
20 Aug 2019 18:47:05,766 [APP   ]  - [JDBJ]             Param1 : 0_Types.INTEGER, 
20 Aug 2019 18:47:05,968 [APP   ]  - [JDBJ]            SELECT CCCO,CCCRCD,CCCRYR,CCBKTX,CCABIN FROM TESTDTA.F0010 WHERE (CCCO = ? ) 
20 Aug 2019 18:47:05,968 [APP   ]  - [JDBJ]             SQL statement parameter marker values are :  
20 Aug 2019 18:47:05,968 [APP   ]  - [JDBJ]             Param1 : 00000_Types.VARCHAR, 
20 Aug 2019 18:47:06,211 [APP   ]  - [JDBJ]            SELECT FSSETY,FSUSER,FSOBNM,FSDTAI,FSOWDI,FSFUNO,FSFRDV,FSTHDV,FSINSL,FSRUN,FSVWYN,FSIUPT,FSA,FSCHNG,FSDLT,FSATN3,FSIOK,FSICPY,FSATN1,FSATN2,FSADDC,FSUPMT,FSEXITID,FSTABID,FSFMNM,FSSY,FSOBID,FSPTH FROM SY920.F00950 WHERE ((FSUSER = ? )) 
20 Aug 2019 18:47:06,211 [APP   ]  - [JDBJ]             SQL statement parameter marker values are :  
20 Aug 2019 18:47:06,211 [APP   ]  - [JDBJ]             Param1 : EXCLUSIVE _Types.VARCHAR, 
20 Aug 2019 18:47:06,423 [APP   ]  - [JDBJ]            SELECT FSSETY,FSUSER,FSOBNM,FSDTAI,FSOWDI,FSFUNO,FSFRDV,FSTHDV,FSINSL,FSRUN,FSVWYN,FSIUPT,FSA,FSCHNG,FSDLT,FSATN3,FSIOK,FSICPY,FSATN1,FSATN2,FSADDC,FSUPMT,FSEXITID,FSTABID,FSFMNM,FSSY,FSOBID,FSPTH FROM SY920.F00950 WHERE ((FSUSER = ? )) 
20 Aug 2019 18:47:06,423 [APP   ]  - [JDBJ]             SQL statement parameter marker values are :  
20 Aug 2019 18:47:06,423 [APP   ]  - [JDBJ]             Param1 : *PUBLIC   _Types.VARCHAR, 
20 Aug 2019 18:47:07,127 [APP   ]  - [JDBJ]            No exclusive row security entries were found.  By default, exclusive row security is in effect., User = JDE, Environment: JDV920, Role:*ALL 
20 Aug 2019 18:47:07,169 [APP   ]  - [JDBJ]            SELECT LMLL,LMRLS,LMPATHCD,LMENHV01 FROM SY920.F00941 WHERE (LMLL = ? ) 
20 Aug 2019 18:47:07,170 [APP   ]  - [JDBJ]             SQL statement parameter marker values are :  
20 Aug 2019 18:47:07,170 [APP   ]  - [JDBJ]             Param1 : JDV920    _Types.VARCHAR, 
20 Aug 2019 18:47:07,869 [APP   ]  - [JDBJ]            SELECT EMPATHCD,EMDL01,EMMKEY,EMSERSHP,EMSTCE,EMMRGOPT,EMRLS,EMJDEDBTYP,EMDATS,EMINSPAR,EMUNCFLG,EMPID,EMUSER,EMUPMJ,EMUPMT,EMDBSY FROM SY920.F00942 WHERE (EMPATHCD = ? ) 
20 Aug 2019 18:47:07,869 [APP   ]  - [JDBJ]             SQL statement parameter marker values are :  
20 Aug 2019 18:47:07,870 [APP   ]  - [JDBJ]             Param1 : DV920     _Types.VARCHAR, 
20 Aug 2019 18:47:08,084 [MANDATORY]  - [JDBJ]            This server is using Automatic Package discovery. 
20 Aug 2019 18:47:08,085 [MANDATORY]  - [JDBJ]            The serialized object database will be maintained by the system. 
20 Aug 2019 18:47:08,105 [APP   ]  - [JDBJ]            SELECT LMLL,LMRLS,LMPATHCD,LMENHV01 FROM SY920.F00941 WHERE (LMLL = ? ) 
20 Aug 2019 18:47:08,105 [APP   ]  - [JDBJ]             SQL statement parameter marker values are :  
20 Aug 2019 18:47:08,105 [APP   ]  - [JDBJ]             Param1 : JDV920    _Types.VARCHAR, 
20 Aug 2019 18:47:08,304 [APP   ]  - [JDBJ]            SELECT OMENHV,OMDATP,OMSRVR,OMDATB,OMOOWN,OMDLLNAME,OMLL,OMLIB,OMOMUI,OMOMTO,OMOMDS,OMOMJD,OMOMCC,OMDSTP,OMPID,OMDATUSE,OMUSER,OMOCM1,OMJOBN,OMOCM2,OMUPMJ,OMOCM3,OMUPMT,OMOCMA,OMOCMB,OMOCMC,OMOCMDSC,OMSVRPORT,OMDATB2,OMLOBFLG,OMUNICODE,OMDBINST FROM SY920.F98611 WHERE (OMDATP = ? ) 
20 Aug 2019 18:47:08,304 [APP   ]  - [JDBJ]             SQL statement parameter marker values are :  
20 Aug 2019 18:47:08,304 [APP   ]  - [JDBJ]             Param1 : JDESRVLOGIC - Logic           _Types.VARCHAR, 
20 Aug 2019 18:47:08,491 [APP   ]  - [JDBJ]            Discovered the enterprise server at host <jdesrvlogic>, port <6017>. 
20 Aug 2019 18:47:08,497 [APP   ]  - [JDBJ]            SELECT MDMCHRCDNM FROM SY920.F9651 WHERE ((MDMKEY = ?  AND MDPORTNUM = ?  AND MDMCHDETTYP = ? )) 
20 Aug 2019 18:47:08,497 [APP   ]  - [JDBJ]             SQL statement parameter marker values are :  
20 Aug 2019 18:47:08,497 [APP   ]  - [JDBJ]             Param1 : jdesrvlogic    _Types.VARCHAR, 
20 Aug 2019 18:47:08,497 [APP   ]  - [JDBJ]             Param2 : 6017_Types.NUMERIC, 
20 Aug 2019 18:47:08,497 [APP   ]  - [JDBJ]             Param3 : 32  _Types.VARCHAR, 
20 Aug 2019 18:47:08,685 [APP   ]  - [JDBJ]            Deployment status on the enterprise server is <PRODUCTION>. 
20 Aug 2019 18:47:08,700 [APP   ]  - [JDBJ]            SELECT SKSERSHP FROM SY920.F96511 WHERE ((SKMKEY = ?  AND SKPORTNUM = ?  AND SKPATHCD = ?  AND SKMCHDETTYP = ? )) 
20 Aug 2019 18:47:08,700 [APP   ]  - [JDBJ]             SQL statement parameter marker values are :  
20 Aug 2019 18:47:08,700 [APP   ]  - [JDBJ]             Param1 : jdesrvlogic    _Types.VARCHAR, 
20 Aug 2019 18:47:08,700 [APP   ]  - [JDBJ]             Param2 : 6017_Types.NUMERIC, 
20 Aug 2019 18:47:08,701 [APP   ]  - [JDBJ]             Param3 : DV920     _Types.VARCHAR, 
20 Aug 2019 18:47:08,701 [APP   ]  - [JDBJ]             Param4 : 31  _Types.VARCHAR, 
20 Aug 2019 18:47:08,912 [APP   ]  - [JDBJ]            SELECT SKSERSHP FROM SY920.F96511 WHERE ((SKMKEY = ?  AND SKPORTNUM = ?  AND SKPATHCD = ?  AND SKMCHDETTYP = ? )) 
20 Aug 2019 18:47:08,913 [APP   ]  - [JDBJ]             SQL statement parameter marker values are :  
20 Aug 2019 18:47:08,913 [APP   ]  - [JDBJ]             Param1 : jdesrvlogic    _Types.VARCHAR, 
20 Aug 2019 18:47:08,913 [APP   ]  - [JDBJ]             Param2 : 6017_Types.NUMERIC, 
20 Aug 2019 18:47:08,913 [APP   ]  - [JDBJ]             Param3 : DV920     _Types.VARCHAR, 
20 Aug 2019 18:47:08,914 [APP   ]  - [JDBJ]             Param4 : 33  _Types.VARCHAR, 
20 Aug 2019 18:47:09,104 [APP   ]  - [JDBJ]            The XML package to use is <DV920FC> in data source <Central Objects - DV920>. 
20 Aug 2019 18:47:09,136 [WARN  ]  - [JAS]             SecurityServer already exists, no override allowed 
20 Aug 2019 18:47:09,383 [APP   ]  - [JDBJ]            SELECT OMENHV,OMDATP,OMSRVR,OMDATB,OMOOWN,OMDLLNAME,OMLL,OMLIB,OMOMUI,OMOMTO,OMOMDS,OMOMJD,OMOMCC,OMDSTP,OMPID,OMDATUSE,OMUSER,OMOCM1,OMJOBN,OMOCM2,OMUPMJ,OMOCM3,OMUPMT,OMOCMA,OMOCMB,OMOCMC,OMOCMDSC,OMSVRPORT,OMDATB2,OMLOBFLG,OMUNICODE,OMDBINST FROM SY920.F98611 WHERE (OMDATP = ? ) 
20 Aug 2019 18:47:09,384 [APP   ]  - [JDBJ]             SQL statement parameter marker values are :  
20 Aug 2019 18:47:09,384 [APP   ]  - [JDBJ]             Param1 : Central Objects - DV920       _Types.VARCHAR, 
20 Aug 2019 18:47:10,085 [APP   ]  - [JDBJ]            SELECT CCCO,CCCRCD,CCCRYR,CCBKTX,CCABIN FROM TESTDTA.F0010 WHERE (CCCO = ? ) 
20 Aug 2019 18:47:10,085 [APP   ]  - [JDBJ]             SQL statement parameter marker values are :  
20 Aug 2019 18:47:10,086 [APP   ]  - [JDBJ]             Param1 : 00000_Types.VARCHAR, 
20 Aug 2019 18:47:10,298 [APP   ]  - [JDBJ]            SELECT FSSETY,FSUSER,FSOBNM,FSDTAI,FSOWDI,FSFUNO,FSFRDV,FSTHDV,FSINSL,FSRUN,FSVWYN,FSIUPT,FSA,FSCHNG,FSDLT,FSATN3,FSIOK,FSICPY,FSATN1,FSATN2,FSADDC,FSUPMT,FSEXITID,FSTABID,FSFMNM,FSSY,FSOBID,FSPTH FROM SY920.F00950 WHERE ((FSUSER = ? )) 
20 Aug 2019 18:47:10,298 [APP   ]  - [JDBJ]             SQL statement parameter marker values are :  
20 Aug 2019 18:47:10,299 [APP   ]  - [JDBJ]             Param1 : EXCLUSIVE _Types.VARCHAR, 
20 Aug 2019 18:47:11,005 [APP   ]  - [JDBJ]            SELECT FSSETY,FSUSER,FSOBNM,FSDTAI,FSOWDI,FSFUNO,FSFRDV,FSTHDV,FSINSL,FSRUN,FSVWYN,FSIUPT,FSA,FSCHNG,FSDLT,FSATN3,FSIOK,FSICPY,FSATN1,FSATN2,FSADDC,FSUPMT,FSEXITID,FSTABID,FSFMNM,FSSY,FSOBID,FSPTH FROM SY920.F00950 WHERE ((FSUSER = ? )) 
20 Aug 2019 18:47:11,006 [APP   ]  - [JDBJ]             SQL statement parameter marker values are :  
20 Aug 2019 18:47:11,006 [APP   ]  - [JDBJ]             Param1 : *PUBLIC   _Types.VARCHAR, 
20 Aug 2019 18:47:11,194 [APP   ]  - [JDBJ]            No exclusive row security entries were found.  By default, exclusive row security is in effect., User = JDE, Environment: JDV920, Role:*ALL 
20 Aug 2019 18:47:13,251 [APP   ]  - [JDBJ]            SELECT SMERBLOB FROM DV920.F98770DV920FC WHERE ((SMFMAT =  ? )) 
20 Aug 2019 18:47:13,251 [APP   ]  - [JDBJ]             SQL statement parameter marker values are :  
20 Aug 2019 18:47:13,251 [APP   ]  - [JDBJ]             Param1 : MANIFEST  _Types.VARCHAR, 
20 Aug 2019 18:47:14,539 [APP   ]  - [JDBJ]            Found a manifest in package <DV920FC>. 
20 Aug 2019 18:47:14,549 [APP   ]  - [JDBJ]            SELECT WBJPO,WBUID,WBOID,WBLNGPREF,WBJVER FROM DV920.F989999 WHERE ((WBOID = ?  AND WBUID = ?  AND WBLNGPREF = ? )) 
20 Aug 2019 18:47:14,549 [APP   ]  - [JDBJ]             SQL statement parameter marker values are :  
20 Aug 2019 18:47:14,550 [APP   ]  - [JDBJ]             Param1 : MANIFEST-MANIFEST                                 _Types.VARCHAR, 
20 Aug 2019 18:47:14,550 [APP   ]  - [JDBJ]             Param2 : DEFAULT             _Types.VARCHAR, 
20 Aug 2019 18:47:14,550 [APP   ]  - [JDBJ]             Param3 :    _Types.VARCHAR, 
20 Aug 2019 18:47:14,936 [APP   ]  - [JDBJ]            Found a serialized object manifest. 
20 Aug 2019 18:47:14,941 [MANDATORY]  - [JDBJ]            Discovery: Serialized objects have been found up to date. 
20 Aug 2019 18:47:14,942 [MANDATORY]  - [JDBJ]            Discovered enterprise server on host jdesrvlogic, port 6017. 
20 Aug 2019 18:47:14,942 [MANDATORY]  - [JDBJ]            Discovered package DV920FC in Central Objects - DV920. 
20 Aug 2019 18:47:14,944 [MANDATORY]  - [JDBJ]            ---------- Current  serialized objects ---------- 
20 Aug 2019 18:47:14,944 [MANDATORY]  - [JDBJ]            Manifest: SO Manifest. Pathcode: DV920, derived from base package: DV920FC, last updated: (Audit: user = JDE, host = jdeweblogic, port = 6017, Timestamp = Thu Apr 05 12:53:00 ART 2018) 
20 Aug 2019 18:47:14,944 [MANDATORY]  - [JDBJ]            Package: SO Package Manifest. Name = DV920FC, Built = Thu Apr 05 11:51:24 ART 2018, Deployed = Thu Apr 05 11:51:24 ART 2018, Detected = Thu Apr 05 12:53:00 ART 2018, # updates = 0 
20 Aug 2019 18:47:14,944 [MANDATORY]  - [JDBJ]            Discovery: The system is now in sync with the deployed package. 
20 Aug 2019 18:47:14,954 [APP   ]  - [JDBJ]            SELECT T0.WBJPO,T0.WBUID,T0.WBOID,T0.WBLNGPREF,T0.WBJVER FROM DV920.F989999 T0, DV920.F989998 T1  WHERE ((T1.WBJOBID = ?  AND T0.WBUID = ? )) AND (T0.WBOID = T1.WBOID) 
20 Aug 2019 18:47:14,954 [APP   ]  - [JDBJ]             SQL statement parameter marker values are :  
20 Aug 2019 18:47:14,954 [APP   ]  - [JDBJ]             Param1 : TABLE-F9862_Types.LONGVARCHAR, 
20 Aug 2019 18:47:14,955 [APP   ]  - [JDBJ]             Param2 : DEFAULT             _Types.VARCHAR, 
20 Aug 2019 18:47:15,552 [APP   ]  - [JDBJ]            SELECT FSSETY,FSUSER,FSOBNM,FSDTAI,FSOWDI,FSFUNO,FSFRDV,FSTHDV,FSINSL,FSRUN,FSVWYN,FSIUPT,FSA,FSCHNG,FSDLT,FSATN3,FSIOK,FSICPY,FSATN1,FSATN2,FSADDC,FSUPMT,FSEXITID,FSTABID,FSFMNM,FSSY,FSOBID,FSPTH FROM SY920.F00950 WHERE ((FSUSER = ? )) 
20 Aug 2019 18:47:15,552 [APP   ]  - [JDBJ]             SQL statement parameter marker values are :  
20 Aug 2019 18:47:15,552 [APP   ]  - [JDBJ]             Param1 : JDE       _Types.VARCHAR, 
20 Aug 2019 18:47:16,258 [APP   ]  - [JDBJ]            SELECT T1.RLFRROLE,T1.RLFUROLE1,T2.AUROLEDESC,T1.RLEXPIRDATE,T2.AUSEQNO,T2.AULNGP,T2.AUUSER FROM SY920.F0093 T0, SY920.F95921 T1, SY920.F00926 T2  WHERE ((T1.RLTOROLE = ?  AND T0.LLLL = ?  AND (T2.AULNGP = ? ) AND T1.RLEFFDATE <= ?  AND (T1.RLEXPIRDATE = ?  OR T1.RLEXPIRDATE > ? ) AND T1.RLFUROLE1 = ? )) AND (T0.LLUSER = T1.RLFRROLE AND T1.RLFRROLE = T2.AUUSER) ORDER BY T2.AUSEQNO DESC  
20 Aug 2019 18:47:16,258 [APP   ]  - [JDBJ]             SQL statement parameter marker values are :  
20 Aug 2019 18:47:16,258 [APP   ]  - [JDBJ]             Param1 : JDE            _Types.VARCHAR, 
20 Aug 2019 18:47:16,259 [APP   ]  - [JDBJ]             Param2 : JDV920    _Types.VARCHAR, 
20 Aug 2019 18:47:16,259 [APP   ]  - [JDBJ]             Param3 :   _Types.VARCHAR, 
20 Aug 2019 18:47:16,259 [APP   ]  - [JDBJ]             Param4 : 119232_Types.INTEGER, 
20 Aug 2019 18:47:16,259 [APP   ]  - [JDBJ]             Param5 : 0_Types.INTEGER, 
20 Aug 2019 18:47:16,259 [APP   ]  - [JDBJ]             Param6 : 119232_Types.INTEGER, 
20 Aug 2019 18:47:16,259 [APP   ]  - [JDBJ]             Param7 : 1_Types.VARCHAR, 
20 Aug 2019 18:47:16,461 [APP   ]  - [JDBJ]            SELECT FSSETY,FSUSER,FSOBNM,FSDTAI,FSOWDI,FSFUNO,FSFRDV,FSTHDV,FSINSL,FSRUN,FSVWYN,FSIUPT,FSA,FSCHNG,FSDLT,FSATN3,FSIOK,FSICPY,FSATN1,FSATN2,FSADDC,FSUPMT,FSEXITID,FSTABID,FSFMNM,FSSY,FSOBID,FSPTH FROM SY920.F00950 WHERE ((FSUSER = ? )) 
20 Aug 2019 18:47:16,468 [APP   ]  - [JDBJ]             SQL statement parameter marker values are :  
20 Aug 2019 18:47:16,468 [APP   ]  - [JDBJ]             Param1 : SYSADMIN  _Types.VARCHAR, 
20 Aug 2019 18:47:17,416 [APP   ]  - [JDBJ]            SELECT SIFCTNM,SIMD FROM OL920.F9862 WHERE ((SIFCTNM >= ?  AND SIFCTNM < ? )) 
20 Aug 2019 18:47:17,416 [APP   ]  - [JDBJ]             SQL statement parameter marker values are :  
20 Aug 2019 18:47:17,416 [APP   ]  - [JDBJ]             Param1 :                                 _Types.VARCHAR, 
20 Aug 2019 18:47:17,416 [APP   ]  - [JDBJ]             Param2 : ZZZZZZZZZZZZZZZZZZZZZZZZZZZZZZZZ_Types.VARCHAR, 
