22 Aug 2019 09:28:58,077 [Line -1] [grpc-default-executor-0] [DEBUG ]  - [JDBJ]            Attempting to load the local logic control file 'LocalLogicCatalog.xml' from the classpath. 
22 Aug 2019 09:28:58,079 [Line -1] [grpc-default-executor-0] [WARN  ]  - [JDBJ]            LocalLogicControl.loadControlFile(): local logic control file not found in classpath: LocalLogicCatalog.xml Corrective Action :Validate that the local logic control file 'LocalLogicCatalog.xml', which is used to determine which logic (NER, BSFN, etc) run locally, properly exists within the classpath, typically in WEB-INF/classes 
22 Aug 2019 09:28:58,153 [Line -1] [grpc-default-executor-0] [APP   ]  - [BASE]            Loading config from file C:\_work\JDEConnectorCE\Projects\JDEConnectorServer\target\classes\JDV920\jdeinterop.ini per the default_path system property 
22 Aug 2019 09:28:58,154 [Line -1] [grpc-default-executor-0] [DEBUG ]  - [BASE]            jdeinterop.ini load from C:\_work\JDEConnectorCE\Projects\JDEConnectorServer\target\classes\JDV920\jdeinterop.ini 
22 Aug 2019 09:28:58,172 [Line -1] [grpc-default-executor-0] [DEBUG ]  - [INTEROP]         Session clearning thread started 
22 Aug 2019 09:28:58,183 [Line -1] [grpc-default-executor-0] [DEBUG ]  - [INTEROP]         UserSessionListener com.atina.jdeconnector.internal.CurrentUserSessionListener@6c9a8ede has been added to the connector 
22 Aug 2019 09:28:58,673 [Line -1] [grpc-default-executor-0] [DEBUG ]  - [JAS]             Creating a JDENET connection pool for host 'null:0'. 
22 Aug 2019 09:28:58,678 [Line -1] [grpc-default-executor-0] [DEBUG ]  - [NET]             netTrace in [JDENET] read and set to false 
22 Aug 2019 09:29:00,972 [Line -1] [grpc-default-executor-0] [DEBUG ]  - [JAS]             Role Validation for User: JDE Environment: JDV920 returned code: 0 
22 Aug 2019 09:29:00,980 [Line -1] [grpc-default-executor-0] [DEBUG ]  - [JDBJ]            JDBj version information: 
22 Aug 2019 09:29:00,981 [Line -1] [grpc-default-executor-0] [DEBUG ]  - [JDBJ]            Specification title: null
 Specification version: null
 Specification vendor: null
 Implementation title: null
 Implementation version: null
 Implementation vendor: null 
22 Aug 2019 09:29:00,992 [Line -1] [grpc-default-executor-0] [APP   ]  - [BASE]            Loading config from file C:\_work\JDEConnectorCE\Projects\JDEConnectorServer\target\classes\JDV920\jdbj.ini per the default_path system property 
22 Aug 2019 09:29:01,020 [Line -1] [grpc-default-executor-0] [APP   ]  - [BASE]            Loading config from file C:\_work\JDEConnectorCE\Projects\JDEConnectorServer\target\classes\JDV920\tnsnames.ora per the default_path system property 
22 Aug 2019 09:29:01,025 [Line -1] [grpc-default-executor-0] [DEBUG ]  - [JDBJ]            Using runtime property AS400 Database ASP default value null. 
22 Aug 2019 09:29:01,025 [Line -1] [grpc-default-executor-0] [DEBUG ]  - [JDBJ]            Using runtime property AS400 Package default value JDBj. 
22 Aug 2019 09:29:01,026 [Line -1] [grpc-default-executor-0] [DEBUG ]  - [JDBJ]            Using runtime property AS400 Package Library default value null. 
22 Aug 2019 09:29:01,026 [Line -1] [grpc-default-executor-0] [DEBUG ]  - [JDBJ]            Using runtime property AS400 Extended Dynamic default value true. 
22 Aug 2019 09:29:01,027 [Line -1] [grpc-default-executor-0] [DEBUG ]  - [JDBJ]            Using runtime property AS400 Native JDBC Driver default value false. 
22 Aug 2019 09:29:01,027 [Line -1] [grpc-default-executor-0] [DEBUG ]  - [JDBJ]            Attempting to load oracle.jdbc.driver.OracleDriver from ClassPath  
22 Aug 2019 09:29:01,153 [Line -1] [grpc-default-executor-0] [DEBUG ]  - [JDBJ]            Found and Successfully loaded oracle.jdbc.driver.OracleDriver from ClassPath  
22 Aug 2019 09:29:01,158 [Line -1] [grpc-default-executor-0] [DEBUG ]  - [JDBJ]            JDBC Driver [oracle.jdbc.driver.OracleDriver] Major Version [12] Minor Version [1] 
22 Aug 2019 09:29:01,158 [Line -1] [grpc-default-executor-0] [DEBUG ]  - [JDBJ]            Registered the JDBC Drivers in section JDBj-JDBC DRIVERS without a showstopper exception. Processing can continue provided the Datasources use the loaded JDBC Drivers. 
22 Aug 2019 09:29:01,226 [Line -1] [grpc-default-executor-0] [DEBUG ]  - [JDBJ]            JDBj bootstrap spec map initialized. 
22 Aug 2019 09:29:01,228 [Line -1] [grpc-default-executor-0] [DEBUG ]  - [JDBJ]            JDBj bootstrap data source initialized: System - 920. 
22 Aug 2019 09:29:01,240 [Line -1] [grpc-default-executor-0] [DEBUG ]  - [JDBJ]            Using runtime property Transaction Timeout jdbj.ini value 1200000. 
22 Aug 2019 09:29:01,240 [Line -1] [grpc-default-executor-0] [DEBUG ]  - [JDBJ]            Transaction 1 state initialized to auto commit. 
22 Aug 2019 09:29:01,252 [Line -1] [grpc-default-executor-0] [DEBUG ]  - [JDBJ]            Using runtime property Service Cache Purge default value 600000. 
22 Aug 2019 09:29:01,255 [Line -1] [CacheMap com.jdedwards.base.util.cache.CacheMap@73da77b0 garbage collector] [DEBUG ]  - [BASE]            CacheMap thread has been started. 
22 Aug 2019 09:29:01,255 [Line -1] [grpc-default-executor-0] [DEBUG ]  - [JDBJ]            Using runtime property OCM Cache Purge default value 600000. 
22 Aug 2019 09:29:01,255 [Line -1] [CacheMap com.jdedwards.base.util.cache.CacheMap@3365c86d garbage collector] [DEBUG ]  - [BASE]            CacheMap thread has been started. 
22 Aug 2019 09:29:01,257 [Line -1] [grpc-default-executor-0] [DEBUG ]  - [JDBJ]            Using runtime property Security Cache Purge default value 600000. 
22 Aug 2019 09:29:01,257 [Line -1] [CacheMap com.jdedwards.base.util.cache.CacheMap@219536c6 garbage collector] [DEBUG ]  - [BASE]            CacheMap thread has been started. 
22 Aug 2019 09:29:01,258 [Line -1] [grpc-default-executor-0] [DEBUG ]  - [JDBJ]            Using runtime property Spec Cache Purge default value 600000. 
22 Aug 2019 09:29:01,257 [Line -1] [CacheMap com.jdedwards.base.util.cache.CacheMap@17dd4a0a garbage collector] [DEBUG ]  - [BASE]            CacheMap thread has been started. 
22 Aug 2019 09:29:01,260 [Line -1] [CacheMap com.jdedwards.base.util.cache.CacheMap@333fe13 garbage collector] [DEBUG ]  - [BASE]            CacheMap thread has been started. 
22 Aug 2019 09:29:01,260 [Line -1] [CacheMap com.jdedwards.base.util.cache.CacheMap@b98daa0 garbage collector] [DEBUG ]  - [BASE]            CacheMap thread has been started. 
22 Aug 2019 09:29:01,265 [Line -1] [CacheMap com.jdedwards.base.util.cache.CacheMap@24e78793 garbage collector] [DEBUG ]  - [BASE]            CacheMap thread has been started. 
22 Aug 2019 09:29:01,265 [Line -1] [CacheMap com.jdedwards.base.util.cache.CacheMap@69670475 garbage collector] [DEBUG ]  - [BASE]            CacheMap thread has been started. 
22 Aug 2019 09:29:01,275 [Line -1] [grpc-default-executor-0] [DEBUG ]  - [INTEROP]         User session -324684276 for user JDE has been created.  
22 Aug 2019 09:29:01,275 [Line -1] [grpc-default-executor-0] [DEBUG ]  - [INTEROP]         User JDE has login successfully 
22 Aug 2019 09:29:01,369 [Line -1] [grpc-default-executor-0] [DEBUG ]  - [INTEROP]         UserSessionListener com.atina.jdeconnector.internal.CurrentUserSessionListener@35571ff8 has been added to the connector 
22 Aug 2019 09:29:01,369 [Line -1] [grpc-default-executor-0] [WARN  ]  - [JAS]             SecurityServer already exists, no override allowed 
22 Aug 2019 09:29:02,915 [Line -1] [grpc-default-executor-0] [DEBUG ]  - [JAS]             Role Validation for User: JDE Environment: JDV920 returned code: 0 
22 Aug 2019 09:29:02,917 [Line -1] [grpc-default-executor-0] [DEBUG ]  - [INTEROP]         User session -1049745076 for user JDE has been created.  
22 Aug 2019 09:29:02,917 [Line -1] [grpc-default-executor-0] [DEBUG ]  - [INTEROP]         User JDE has login successfully 
22 Aug 2019 09:29:30,691 [Line -1] [grpc-default-executor-0] [DEBUG ]  - [INTEROP]         UserSessionListener com.atina.jdeconnector.internal.CurrentUserSessionListener@715d0e10 has been added to the connector 
22 Aug 2019 09:29:30,691 [Line -1] [grpc-default-executor-0] [WARN  ]  - [JAS]             SecurityServer already exists, no override allowed 
22 Aug 2019 09:29:32,235 [Line -1] [grpc-default-executor-0] [DEBUG ]  - [JAS]             Role Validation for User: JDE Environment: JDV920 returned code: 0 
22 Aug 2019 09:29:32,236 [Line -1] [grpc-default-executor-0] [DEBUG ]  - [INTEROP]         User session -1905335242 for user JDE has been created.  
22 Aug 2019 09:29:32,237 [Line -1] [grpc-default-executor-0] [DEBUG ]  - [INTEROP]         User JDE has login successfully 
22 Aug 2019 09:29:32,245 [Line -1] [CacheMap com.jdedwards.base.util.cache.CacheMap@f53285 garbage collector] [DEBUG ]  - [BASE]            CacheMap thread has been started. 
22 Aug 2019 09:29:32,245 [Line -1] [CacheMap com.jdedwards.base.util.cache.CacheMap@f53285 garbage collector] [DEBUG ]  - [BASE]            CacheMap thread is now suspended, sleep property is 0 
22 Aug 2019 09:29:32,298 [Line -1] [grpc-default-executor-0] [DEBUG ]  - [INTEROP]         Get the BSFNMethod AddressBookMasterMBF from BSFNSpecSource ImageBSFNSpecSource: C:\Users\jgodi\AppData\Local\Temp\JDV920\AddressBookMasterMBF.xml 
22 Aug 2019 09:38:58,198 [Line -1] [Timer-0] [DEBUG ]  - [INTEROP]         Kernel Recycling - check for affected user sessions now. 
22 Aug 2019 09:48:58,177 [Line -1] [Timer-0] [DEBUG ]  - [INTEROP]         Kernel Recycling - check for affected user sessions now. 
22 Aug 2019 09:58:58,176 [Line -1] [Timer-0] [DEBUG ]  - [INTEROP]         Kernel Recycling - check for affected user sessions now. 
22 Aug 2019 10:04:53,974 [Line -1] [grpc-default-executor-3] [DEBUG ]  - [INTEROP]         UserSessionListener com.atina.jdeconnector.internal.CurrentUserSessionListener@39a0ce0 has been added to the connector 
22 Aug 2019 10:04:53,974 [Line -1] [grpc-default-executor-3] [WARN  ]  - [JAS]             SecurityServer already exists, no override allowed 
22 Aug 2019 10:04:55,519 [Line -1] [grpc-default-executor-3] [DEBUG ]  - [JAS]             Role Validation for User: JDE Environment: JDV920 returned code: 0 
22 Aug 2019 10:04:55,519 [Line -1] [grpc-default-executor-3] [DEBUG ]  - [INTEROP]         User session 981943530 for user JDE has been created.  
22 Aug 2019 10:04:55,520 [Line -1] [grpc-default-executor-3] [DEBUG ]  - [INTEROP]         User JDE has login successfully 
22 Aug 2019 10:05:05,156 [Line -1] [grpc-default-executor-3] [DEBUG ]  - [INTEROP]         UserSessionListener com.atina.jdeconnector.internal.CurrentUserSessionListener@7a5884b has been added to the connector 
22 Aug 2019 10:05:05,156 [Line -1] [grpc-default-executor-3] [WARN  ]  - [JAS]             SecurityServer already exists, no override allowed 
22 Aug 2019 10:05:06,711 [Line -1] [grpc-default-executor-3] [DEBUG ]  - [JAS]             Role Validation for User: JDE Environment: JDV920 returned code: 0 
22 Aug 2019 10:05:06,712 [Line -1] [grpc-default-executor-3] [DEBUG ]  - [INTEROP]         User session 1789004355 for user JDE has been created.  
22 Aug 2019 10:05:06,713 [Line -1] [grpc-default-executor-3] [DEBUG ]  - [INTEROP]         User JDE has login successfully 
22 Aug 2019 10:05:06,726 [Line -1] [grpc-default-executor-3] [DEBUG ]  - [INTEROP]         Found the BSFNMethod AddressBookMasterMBF from cache 
22 Aug 2019 10:19:06,281 [Line -1] [grpc-default-executor-0] [DEBUG ]  - [JDBJ]            Attempting to load the local logic control file 'LocalLogicCatalog.xml' from the classpath. 
22 Aug 2019 10:19:06,293 [Line -1] [grpc-default-executor-0] [WARN  ]  - [JDBJ]            LocalLogicControl.loadControlFile(): local logic control file not found in classpath: LocalLogicCatalog.xml Corrective Action :Validate that the local logic control file 'LocalLogicCatalog.xml', which is used to determine which logic (NER, BSFN, etc) run locally, properly exists within the classpath, typically in WEB-INF/classes 
22 Aug 2019 10:19:06,404 [Line -1] [grpc-default-executor-0] [APP   ]  - [BASE]            Loading config from file C:\_work\JDEConnectorCE\Projects\JDEConnectorServer\target\classes\JDV920\jdeinterop.ini per the default_path system property 
22 Aug 2019 10:19:06,406 [Line -1] [grpc-default-executor-0] [DEBUG ]  - [BASE]            jdeinterop.ini load from C:\_work\JDEConnectorCE\Projects\JDEConnectorServer\target\classes\JDV920\jdeinterop.ini 
22 Aug 2019 10:19:06,513 [Line -1] [grpc-default-executor-0] [DEBUG ]  - [INTEROP]         Session clearning thread started 
22 Aug 2019 10:19:06,538 [Line -1] [grpc-default-executor-0] [DEBUG ]  - [INTEROP]         UserSessionListener com.atina.jdeconnector.internal.CurrentUserSessionListener@161da250 has been added to the connector 
22 Aug 2019 10:19:07,502 [Line -1] [grpc-default-executor-0] [DEBUG ]  - [JAS]             Creating a JDENET connection pool for host 'null:0'. 
22 Aug 2019 10:19:07,517 [Line -1] [grpc-default-executor-0] [DEBUG ]  - [NET]             netTrace in [JDENET] read and set to false 
22 Aug 2019 10:19:10,877 [Line -1] [grpc-default-executor-0] [DEBUG ]  - [JAS]             Role Validation for User: JDE Environment: JDV920 returned code: 0 
22 Aug 2019 10:19:10,963 [Line -1] [grpc-default-executor-0] [DEBUG ]  - [JDBJ]            JDBj version information: 
22 Aug 2019 10:19:10,967 [Line -1] [grpc-default-executor-0] [DEBUG ]  - [JDBJ]            Specification title: null
 Specification version: null
 Specification vendor: null
 Implementation title: null
 Implementation version: null
 Implementation vendor: null 
22 Aug 2019 10:19:11,039 [Line -1] [grpc-default-executor-0] [APP   ]  - [BASE]            Loading config from file C:\_work\JDEConnectorCE\Projects\JDEConnectorServer\target\classes\JDV920\jdbj.ini per the default_path system property 
22 Aug 2019 10:19:11,113 [Line -1] [grpc-default-executor-0] [APP   ]  - [BASE]            Loading config from file C:\_work\JDEConnectorCE\Projects\JDEConnectorServer\target\classes\JDV920\tnsnames.ora per the default_path system property 
22 Aug 2019 10:19:11,137 [Line -1] [grpc-default-executor-0] [DEBUG ]  - [JDBJ]            Using runtime property AS400 Database ASP default value null. 
22 Aug 2019 10:19:11,139 [Line -1] [grpc-default-executor-0] [DEBUG ]  - [JDBJ]            Using runtime property AS400 Package default value JDBj. 
22 Aug 2019 10:19:11,143 [Line -1] [grpc-default-executor-0] [DEBUG ]  - [JDBJ]            Using runtime property AS400 Package Library default value null. 
22 Aug 2019 10:19:11,150 [Line -1] [grpc-default-executor-0] [DEBUG ]  - [JDBJ]            Using runtime property AS400 Extended Dynamic default value true. 
22 Aug 2019 10:19:11,154 [Line -1] [grpc-default-executor-0] [DEBUG ]  - [JDBJ]            Using runtime property AS400 Native JDBC Driver default value false. 
22 Aug 2019 10:19:11,157 [Line -1] [grpc-default-executor-0] [DEBUG ]  - [JDBJ]            Attempting to load oracle.jdbc.driver.OracleDriver from ClassPath  
22 Aug 2019 10:19:12,104 [Line -1] [grpc-default-executor-0] [DEBUG ]  - [JDBJ]            Found and Successfully loaded oracle.jdbc.driver.OracleDriver from ClassPath  
22 Aug 2019 10:19:12,120 [Line -1] [grpc-default-executor-0] [DEBUG ]  - [JDBJ]            JDBC Driver [oracle.jdbc.driver.OracleDriver] Major Version [12] Minor Version [1] 
22 Aug 2019 10:19:12,122 [Line -1] [grpc-default-executor-0] [DEBUG ]  - [JDBJ]            Registered the JDBC Drivers in section JDBj-JDBC DRIVERS without a showstopper exception. Processing can continue provided the Datasources use the loaded JDBC Drivers. 
22 Aug 2019 10:19:12,560 [Line -1] [grpc-default-executor-0] [DEBUG ]  - [JDBJ]            JDBj bootstrap spec map initialized. 
22 Aug 2019 10:19:12,573 [Line -1] [grpc-default-executor-0] [DEBUG ]  - [JDBJ]            JDBj bootstrap data source initialized: System - 920. 
22 Aug 2019 10:19:12,639 [Line -1] [grpc-default-executor-0] [DEBUG ]  - [JDBJ]            Using runtime property Transaction Timeout jdbj.ini value 1200000. 
22 Aug 2019 10:19:12,640 [Line -1] [grpc-default-executor-0] [DEBUG ]  - [JDBJ]            Transaction 1 state initialized to auto commit. 
22 Aug 2019 10:19:12,709 [Line -1] [grpc-default-executor-0] [DEBUG ]  - [JDBJ]            Using runtime property Service Cache Purge default value 600000. 
22 Aug 2019 10:19:12,724 [Line -1] [CacheMap com.jdedwards.base.util.cache.CacheMap@7e0dd861 garbage collector] [DEBUG ]  - [BASE]            CacheMap thread has been started. 
22 Aug 2019 10:19:12,724 [Line -1] [CacheMap com.jdedwards.base.util.cache.CacheMap@7db44266 garbage collector] [DEBUG ]  - [BASE]            CacheMap thread has been started. 
22 Aug 2019 10:19:12,731 [Line -1] [grpc-default-executor-0] [DEBUG ]  - [JDBJ]            Using runtime property OCM Cache Purge default value 600000. 
22 Aug 2019 10:19:12,736 [Line -1] [grpc-default-executor-0] [DEBUG ]  - [JDBJ]            Using runtime property Security Cache Purge default value 600000. 
22 Aug 2019 10:19:12,739 [Line -1] [CacheMap com.jdedwards.base.util.cache.CacheMap@7a3a506f garbage collector] [DEBUG ]  - [BASE]            CacheMap thread has been started. 
22 Aug 2019 10:19:12,739 [Line -1] [grpc-default-executor-0] [DEBUG ]  - [JDBJ]            Using runtime property Spec Cache Purge default value 600000. 
22 Aug 2019 10:19:12,739 [Line -1] [CacheMap com.jdedwards.base.util.cache.CacheMap@3c895ca0 garbage collector] [DEBUG ]  - [BASE]            CacheMap thread has been started. 
22 Aug 2019 10:19:12,745 [Line -1] [CacheMap com.jdedwards.base.util.cache.CacheMap@745ec422 garbage collector] [DEBUG ]  - [BASE]            CacheMap thread has been started. 
22 Aug 2019 10:19:12,745 [Line -1] [CacheMap com.jdedwards.base.util.cache.CacheMap@5c4f4eec garbage collector] [DEBUG ]  - [BASE]            CacheMap thread has been started. 
22 Aug 2019 10:19:12,761 [Line -1] [CacheMap com.jdedwards.base.util.cache.CacheMap@6aa3d0f2 garbage collector] [DEBUG ]  - [BASE]            CacheMap thread has been started. 
22 Aug 2019 10:19:12,763 [Line -1] [CacheMap com.jdedwards.base.util.cache.CacheMap@4c3ddb64 garbage collector] [DEBUG ]  - [BASE]            CacheMap thread has been started. 
22 Aug 2019 10:19:12,804 [Line -1] [grpc-default-executor-0] [DEBUG ]  - [INTEROP]         User session -1937475303 for user JDE has been created.  
22 Aug 2019 10:19:12,806 [Line -1] [grpc-default-executor-0] [DEBUG ]  - [INTEROP]         User JDE has login successfully 
22 Aug 2019 10:20:19,272 [Line -1] [grpc-default-executor-0] [DEBUG ]  - [INTEROP]         UserSessionListener com.atina.jdeconnector.internal.CurrentUserSessionListener@28022030 has been added to the connector 
22 Aug 2019 10:20:19,275 [Line -1] [grpc-default-executor-0] [WARN  ]  - [JAS]             SecurityServer already exists, no override allowed 
22 Aug 2019 10:20:20,853 [Line -1] [grpc-default-executor-0] [DEBUG ]  - [JAS]             Role Validation for User: JDE Environment: JDV920 returned code: 0 
22 Aug 2019 10:20:20,857 [Line -1] [grpc-default-executor-0] [DEBUG ]  - [INTEROP]         User session -648986020 for user JDE has been created.  
22 Aug 2019 10:20:20,859 [Line -1] [grpc-default-executor-0] [DEBUG ]  - [INTEROP]         User JDE has login successfully 
22 Aug 2019 10:20:30,971 [Line -1] [CacheMap com.jdedwards.base.util.cache.CacheMap@1f1cba1a garbage collector] [DEBUG ]  - [BASE]            CacheMap thread has been started. 
22 Aug 2019 10:20:30,988 [Line -1] [CacheMap com.jdedwards.base.util.cache.CacheMap@1f1cba1a garbage collector] [DEBUG ]  - [BASE]            CacheMap thread is now suspended, sleep property is 0 
22 Aug 2019 10:20:31,295 [Line -1] [grpc-default-executor-0] [DEBUG ]  - [INTEROP]         Get the BSFNMethod AddressBookMasterMBF from BSFNSpecSource ImageBSFNSpecSource: C:\Users\jgodi\AppData\Local\Temp\JDV920\AddressBookMasterMBF.xml 
22 Aug 2019 10:35:32,205 [Line -1] [grpc-default-executor-0] [DEBUG ]  - [JDBJ]            Attempting to load the local logic control file 'LocalLogicCatalog.xml' from the classpath. 
22 Aug 2019 10:35:32,207 [Line -1] [grpc-default-executor-0] [WARN  ]  - [JDBJ]            LocalLogicControl.loadControlFile(): local logic control file not found in classpath: LocalLogicCatalog.xml Corrective Action :Validate that the local logic control file 'LocalLogicCatalog.xml', which is used to determine which logic (NER, BSFN, etc) run locally, properly exists within the classpath, typically in WEB-INF/classes 
22 Aug 2019 10:35:32,246 [Line -1] [grpc-default-executor-0] [APP   ]  - [BASE]            Loading config from file C:\_work\JDEConnectorCE\Projects\JDEConnectorServer\target\classes\JDV920\jdeinterop.ini per the default_path system property 
22 Aug 2019 10:35:32,246 [Line -1] [grpc-default-executor-0] [DEBUG ]  - [BASE]            jdeinterop.ini load from C:\_work\JDEConnectorCE\Projects\JDEConnectorServer\target\classes\JDV920\jdeinterop.ini 
22 Aug 2019 10:35:32,262 [Line -1] [grpc-default-executor-0] [DEBUG ]  - [INTEROP]         Session clearning thread started 
22 Aug 2019 10:35:32,275 [Line -1] [grpc-default-executor-0] [DEBUG ]  - [INTEROP]         UserSessionListener com.atina.jdeconnector.internal.CurrentUserSessionListener@577993e7 has been added to the connector 
22 Aug 2019 10:35:32,795 [Line -1] [grpc-default-executor-0] [DEBUG ]  - [JAS]             Creating a JDENET connection pool for host 'null:0'. 
22 Aug 2019 10:35:32,798 [Line -1] [grpc-default-executor-0] [DEBUG ]  - [NET]             netTrace in [JDENET] read and set to false 
22 Aug 2019 10:35:35,105 [Line -1] [grpc-default-executor-0] [DEBUG ]  - [JAS]             Role Validation for User: JDE Environment: JDV920 returned code: 0 
22 Aug 2019 10:35:35,146 [Line -1] [grpc-default-executor-0] [DEBUG ]  - [JDBJ]            JDBj version information: 
22 Aug 2019 10:35:35,147 [Line -1] [grpc-default-executor-0] [DEBUG ]  - [JDBJ]            Specification title: null
 Specification version: null
 Specification vendor: null
 Implementation title: null
 Implementation version: null
 Implementation vendor: null 
22 Aug 2019 10:35:35,158 [Line -1] [grpc-default-executor-0] [APP   ]  - [BASE]            Loading config from file C:\_work\JDEConnectorCE\Projects\JDEConnectorServer\target\classes\JDV920\jdbj.ini per the default_path system property 
22 Aug 2019 10:35:35,172 [Line -1] [grpc-default-executor-0] [APP   ]  - [BASE]            Loading config from file C:\_work\JDEConnectorCE\Projects\JDEConnectorServer\target\classes\JDV920\tnsnames.ora per the default_path system property 
22 Aug 2019 10:35:35,182 [Line -1] [grpc-default-executor-0] [DEBUG ]  - [JDBJ]            Using runtime property AS400 Database ASP default value null. 
22 Aug 2019 10:35:35,182 [Line -1] [grpc-default-executor-0] [DEBUG ]  - [JDBJ]            Using runtime property AS400 Package default value JDBj. 
22 Aug 2019 10:35:35,183 [Line -1] [grpc-default-executor-0] [DEBUG ]  - [JDBJ]            Using runtime property AS400 Package Library default value null. 
22 Aug 2019 10:35:35,184 [Line -1] [grpc-default-executor-0] [DEBUG ]  - [JDBJ]            Using runtime property AS400 Extended Dynamic default value true. 
22 Aug 2019 10:35:35,185 [Line -1] [grpc-default-executor-0] [DEBUG ]  - [JDBJ]            Using runtime property AS400 Native JDBC Driver default value false. 
22 Aug 2019 10:35:35,187 [Line -1] [grpc-default-executor-0] [DEBUG ]  - [JDBJ]            Attempting to load oracle.jdbc.driver.OracleDriver from ClassPath  
22 Aug 2019 10:35:35,439 [Line -1] [grpc-default-executor-0] [DEBUG ]  - [JDBJ]            Found and Successfully loaded oracle.jdbc.driver.OracleDriver from ClassPath  
22 Aug 2019 10:35:35,446 [Line -1] [grpc-default-executor-0] [DEBUG ]  - [JDBJ]            JDBC Driver [oracle.jdbc.driver.OracleDriver] Major Version [12] Minor Version [1] 
22 Aug 2019 10:35:35,447 [Line -1] [grpc-default-executor-0] [DEBUG ]  - [JDBJ]            Registered the JDBC Drivers in section JDBj-JDBC DRIVERS without a showstopper exception. Processing can continue provided the Datasources use the loaded JDBC Drivers. 
22 Aug 2019 10:35:35,550 [Line -1] [grpc-default-executor-0] [DEBUG ]  - [JDBJ]            JDBj bootstrap spec map initialized. 
22 Aug 2019 10:35:35,553 [Line -1] [grpc-default-executor-0] [DEBUG ]  - [JDBJ]            JDBj bootstrap data source initialized: System - 920. 
22 Aug 2019 10:35:35,568 [Line -1] [grpc-default-executor-0] [DEBUG ]  - [JDBJ]            Using runtime property Transaction Timeout jdbj.ini value 1200000. 
22 Aug 2019 10:35:35,569 [Line -1] [grpc-default-executor-0] [DEBUG ]  - [JDBJ]            Transaction 1 state initialized to auto commit. 
22 Aug 2019 10:35:35,585 [Line -1] [grpc-default-executor-0] [DEBUG ]  - [JDBJ]            Using runtime property Service Cache Purge default value 600000. 
22 Aug 2019 10:35:35,592 [Line -1] [grpc-default-executor-0] [DEBUG ]  - [JDBJ]            Using runtime property OCM Cache Purge default value 600000. 
22 Aug 2019 10:35:35,593 [Line -1] [CacheMap com.jdedwards.base.util.cache.CacheMap@292862 garbage collector] [DEBUG ]  - [BASE]            CacheMap thread has been started. 
22 Aug 2019 10:35:35,595 [Line -1] [grpc-default-executor-0] [DEBUG ]  - [JDBJ]            Using runtime property Security Cache Purge default value 600000. 
22 Aug 2019 10:35:35,595 [Line -1] [CacheMap com.jdedwards.base.util.cache.CacheMap@3aa61a3f garbage collector] [DEBUG ]  - [BASE]            CacheMap thread has been started. 
22 Aug 2019 10:35:35,595 [Line -1] [CacheMap com.jdedwards.base.util.cache.CacheMap@1dd0123b garbage collector] [DEBUG ]  - [BASE]            CacheMap thread has been started. 
22 Aug 2019 10:35:35,597 [Line -1] [grpc-default-executor-0] [DEBUG ]  - [JDBJ]            Using runtime property Spec Cache Purge default value 600000. 
22 Aug 2019 10:35:35,593 [Line -1] [CacheMap com.jdedwards.base.util.cache.CacheMap@745c23df garbage collector] [DEBUG ]  - [BASE]            CacheMap thread has been started. 
22 Aug 2019 10:35:35,601 [Line -1] [CacheMap com.jdedwards.base.util.cache.CacheMap@13cdc40d garbage collector] [DEBUG ]  - [BASE]            CacheMap thread has been started. 
22 Aug 2019 10:35:35,604 [Line -1] [CacheMap com.jdedwards.base.util.cache.CacheMap@e115d85 garbage collector] [DEBUG ]  - [BASE]            CacheMap thread has been started. 
22 Aug 2019 10:35:35,609 [Line -1] [CacheMap com.jdedwards.base.util.cache.CacheMap@2b97217 garbage collector] [DEBUG ]  - [BASE]            CacheMap thread has been started. 
22 Aug 2019 10:35:35,609 [Line -1] [CacheMap com.jdedwards.base.util.cache.CacheMap@7fa93c43 garbage collector] [DEBUG ]  - [BASE]            CacheMap thread has been started. 
22 Aug 2019 10:35:35,613 [Line -1] [grpc-default-executor-0] [DEBUG ]  - [INTEROP]         User session 1416050563 for user JDE has been created.  
22 Aug 2019 10:35:35,613 [Line -1] [grpc-default-executor-0] [DEBUG ]  - [INTEROP]         User JDE has login successfully 
22 Aug 2019 10:35:53,483 [Line -1] [CacheMap com.jdedwards.base.util.cache.CacheMap@ef7f769 garbage collector] [DEBUG ]  - [BASE]            CacheMap thread has been started. 
22 Aug 2019 10:35:53,484 [Line -1] [CacheMap com.jdedwards.base.util.cache.CacheMap@ef7f769 garbage collector] [DEBUG ]  - [BASE]            CacheMap thread is now suspended, sleep property is 0 
22 Aug 2019 10:35:53,557 [Line -1] [grpc-default-executor-0] [DEBUG ]  - [INTEROP]         Get the BSFNMethod AddressBookMasterMBF from BSFNSpecSource ImageBSFNSpecSource: C:\Users\jgodi\AppData\Local\Temp\JDV920\AddressBookMasterMBF.xml 
